2024-12-07 20:11:38 [main] INFO  main.Parser - Info message
2024-12-07 20:12:03 [main] INFO  main.Parser - Info message
2024-12-07 20:12:03 [main] WARN  main.Parser - Warning message
2024-12-07 20:12:03 [main] ERROR main.Parser - Error message
2024-12-07 20:12:03 [main] FATAL main.Parser - Fatal message
2024-12-07 21:12:38 [main] INFO  main.Parser - Info message
2024-12-07 21:12:38 [main] WARN  main.Parser - Warning message
2024-12-07 21:12:38 [main] ERROR main.Parser - Error message
2024-12-07 21:12:38 [main] FATAL main.Parser - Fatal message
2024-12-07 21:15:15 [main] INFO  main.Parser - Info message
2024-12-07 21:15:15 [main] WARN  main.Parser - Warning message
2024-12-07 21:15:15 [main] ERROR main.Parser - Error message
2024-12-07 21:15:15 [main] FATAL main.Parser - Fatal message
2024-12-07 21:22:22 [main] INFO  main.Parser - Info message
2024-12-07 21:22:22 [main] WARN  main.Parser - Warning message
2024-12-07 21:22:22 [main] ERROR main.Parser - Error message
2024-12-07 21:22:22 [main] FATAL main.Parser - Fatal message
2024-12-07 21:23:49 [main] INFO  main.Parser - Info message
2024-12-07 21:23:49 [main] WARN  main.Parser - Warning message
2024-12-07 21:23:49 [main] ERROR main.Parser - Error message
2024-12-07 21:23:49 [main] FATAL main.Parser - Fatal message
2024-12-07 22:10:27 [main] INFO  main.Parser - Info message
2024-12-07 22:10:27 [main] WARN  main.Parser - Warning message
2024-12-07 22:10:27 [main] ERROR main.Parser - Error message
2024-12-07 22:10:27 [main] FATAL main.Parser - Fatal message
2024-12-08 08:08:19 [main] INFO  main.Parser - Info message
2024-12-08 08:08:19 [main] WARN  main.Parser - Warning message
2024-12-08 08:08:19 [main] ERROR main.Parser - Error message
2024-12-08 08:08:19 [main] FATAL main.Parser - Fatal message
2024-12-08 08:12:53 [main] INFO  main.Parser - Info message
2024-12-08 08:12:53 [main] WARN  main.Parser - Warning message
2024-12-08 08:12:53 [main] ERROR main.Parser - Error message
2024-12-08 08:12:53 [main] FATAL main.Parser - Fatal message
2024-12-08 08:16:27 [main] INFO  main.Parser - Info message
2024-12-08 08:16:27 [main] WARN  main.Parser - Warning message
2024-12-08 08:16:27 [main] ERROR main.Parser - Error message
2024-12-08 08:16:27 [main] FATAL main.Parser - Fatal message
2024-12-08 08:20:29 [main] INFO  main.Parser - Info message
2024-12-08 08:20:29 [main] WARN  main.Parser - Warning message
2024-12-08 08:20:29 [main] ERROR main.Parser - Error message
2024-12-08 08:20:29 [main] FATAL main.Parser - Fatal message
2024-12-08 09:43:39 [main] INFO  main.Parser - Info message
2024-12-08 09:43:39 [main] WARN  main.Parser - Warning message
2024-12-08 09:43:39 [main] ERROR main.Parser - Error message
2024-12-08 09:43:39 [main] FATAL main.Parser - Fatal message
2024-12-08 10:48:34 [main] INFO  main.Parser - Info message
2024-12-08 10:48:34 [main] WARN  main.Parser - Warning message
2024-12-08 10:48:34 [main] ERROR main.Parser - Error message
2024-12-08 10:48:34 [main] FATAL main.Parser - Fatal message
2024-12-08 10:54:15 [main] INFO  main.Parser - Info message
2024-12-08 10:54:15 [main] WARN  main.Parser - Warning message
2024-12-08 10:54:15 [main] ERROR main.Parser - Error message
2024-12-08 10:54:15 [main] FATAL main.Parser - Fatal message
2024-12-08 10:56:01 [main] INFO  main.Parser - Info message
2024-12-08 10:56:01 [main] WARN  main.Parser - Warning message
2024-12-08 10:56:01 [main] ERROR main.Parser - Error message
2024-12-08 10:56:01 [main] FATAL main.Parser - Fatal message
2024-12-08 11:05:05 [main] INFO  main.Parser - Info message
2024-12-08 11:05:05 [main] WARN  main.Parser - Warning message
2024-12-08 11:05:05 [main] ERROR main.Parser - Error message
2024-12-08 11:05:05 [main] FATAL main.Parser - Fatal message
2024-12-08 11:07:10 [main] INFO  main.Parser - Info message
2024-12-08 11:07:10 [main] WARN  main.Parser - Warning message
2024-12-08 11:07:10 [main] ERROR main.Parser - Error message
2024-12-08 11:07:10 [main] FATAL main.Parser - Fatal message
2024-12-08 11:08:06 [main] INFO  main.Parser - Info message
2024-12-08 11:08:06 [main] WARN  main.Parser - Warning message
2024-12-08 11:08:06 [main] ERROR main.Parser - Error message
2024-12-08 11:08:06 [main] FATAL main.Parser - Fatal message
2024-12-08 11:09:14 [main] INFO  main.Parser - Info message
2024-12-08 11:09:14 [main] WARN  main.Parser - Warning message
2024-12-08 11:09:14 [main] ERROR main.Parser - Error message
2024-12-08 11:09:14 [main] FATAL main.Parser - Fatal message
2024-12-08 11:09:49 [main] INFO  main.Parser - Info message
2024-12-08 11:09:49 [main] WARN  main.Parser - Warning message
2024-12-08 11:09:49 [main] ERROR main.Parser - Error message
2024-12-08 11:09:49 [main] FATAL main.Parser - Fatal message
2024-12-08 11:09:56 [main] INFO  main.Parser - Info message
2024-12-08 11:09:56 [main] WARN  main.Parser - Warning message
2024-12-08 11:09:56 [main] ERROR main.Parser - Error message
2024-12-08 11:09:56 [main] FATAL main.Parser - Fatal message
2024-12-08 11:13:55 [main] INFO  main.Parser - Info message
2024-12-08 11:13:55 [main] WARN  main.Parser - Warning message
2024-12-08 11:13:55 [main] ERROR main.Parser - Error message
2024-12-08 11:13:55 [main] FATAL main.Parser - Fatal message
2024-12-09 01:07:24 [main] INFO  main.Parser - Info message
2024-12-09 01:07:24 [main] WARN  main.Parser - Warning message
2024-12-09 01:07:24 [main] ERROR main.Parser - Error message
2024-12-09 01:07:24 [main] FATAL main.Parser - Fatal message
2024-12-09 13:23:16 [main] INFO  main.Parser - Info message
2024-12-09 13:23:16 [main] WARN  main.Parser - Warning message
2024-12-09 13:23:16 [main] ERROR main.Parser - Error message
2024-12-09 13:23:16 [main] FATAL main.Parser - Fatal message
2024-12-09 15:22:28 [main] INFO  main.Parser - Info message
2024-12-09 15:22:28 [main] WARN  main.Parser - Warning message
2024-12-09 15:22:28 [main] ERROR main.Parser - Error message
2024-12-09 15:22:28 [main] FATAL main.Parser - Fatal message
2024-12-09 15:23:03 [main] INFO  main.Parser - Info message
2024-12-09 15:23:03 [main] WARN  main.Parser - Warning message
2024-12-09 15:23:03 [main] ERROR main.Parser - Error message
2024-12-09 15:23:03 [main] FATAL main.Parser - Fatal message
2024-12-09 17:43:00 [main] INFO  main.Parser - Info message
2024-12-09 17:43:00 [main] WARN  main.Parser - Warning message
2024-12-09 17:43:00 [main] ERROR main.Parser - Error message
2024-12-09 17:43:00 [main] FATAL main.Parser - Fatal message
2024-12-09 17:43:37 [main] INFO  main.Parser - Info message
2024-12-09 17:43:37 [main] WARN  main.Parser - Warning message
2024-12-09 17:43:37 [main] ERROR main.Parser - Error message
2024-12-09 17:43:37 [main] FATAL main.Parser - Fatal message
2024-12-09 17:58:13 [main] INFO  main.Parser - Info message
2024-12-09 17:58:13 [main] WARN  main.Parser - Warning message
2024-12-09 17:58:13 [main] ERROR main.Parser - Error message
2024-12-09 17:58:13 [main] FATAL main.Parser - Fatal message
2024-12-09 18:10:35 [main] INFO  main.Parser - Info message
2024-12-09 18:10:35 [main] WARN  main.Parser - Warning message
2024-12-09 18:10:35 [main] ERROR main.Parser - Error message
2024-12-09 18:10:35 [main] FATAL main.Parser - Fatal message
2024-12-09 19:22:30 [main] INFO  main.Parser - Info message
2024-12-09 19:22:30 [main] WARN  main.Parser - Warning message
2024-12-09 19:22:30 [main] ERROR main.Parser - Error message
2024-12-09 19:22:30 [main] FATAL main.Parser - Fatal message
2024-12-09 19:24:52 [main] INFO  main.Parser - Info message
2024-12-09 19:24:52 [main] WARN  main.Parser - Warning message
2024-12-09 19:24:52 [main] ERROR main.Parser - Error message
2024-12-09 19:24:52 [main] FATAL main.Parser - Fatal message
2024-12-09 19:26:44 [main] INFO  main.Parser - Info message
2024-12-09 19:26:44 [main] WARN  main.Parser - Warning message
2024-12-09 19:26:44 [main] ERROR main.Parser - Error message
2024-12-09 19:26:44 [main] FATAL main.Parser - Fatal message
2024-12-09 19:27:22 [main] INFO  main.Parser - Info message
2024-12-09 19:27:22 [main] WARN  main.Parser - Warning message
2024-12-09 19:27:22 [main] ERROR main.Parser - Error message
2024-12-09 19:27:22 [main] FATAL main.Parser - Fatal message
2024-12-09 19:27:30 [main] INFO  main.Parser - Info message
2024-12-09 19:27:30 [main] WARN  main.Parser - Warning message
2024-12-09 19:27:30 [main] ERROR main.Parser - Error message
2024-12-09 19:27:30 [main] FATAL main.Parser - Fatal message
2024-12-09 19:27:50 [main] INFO  main.Parser - Info message
2024-12-09 19:27:50 [main] WARN  main.Parser - Warning message
2024-12-09 19:27:50 [main] ERROR main.Parser - Error message
2024-12-09 19:27:50 [main] FATAL main.Parser - Fatal message
2024-12-09 19:28:19 [main] INFO  main.Parser - Info message
2024-12-09 19:28:19 [main] WARN  main.Parser - Warning message
2024-12-09 19:28:19 [main] ERROR main.Parser - Error message
2024-12-09 19:28:19 [main] FATAL main.Parser - Fatal message
2024-12-09 19:29:09 [main] INFO  main.Parser - Info message
2024-12-09 19:29:09 [main] WARN  main.Parser - Warning message
2024-12-09 19:29:09 [main] ERROR main.Parser - Error message
2024-12-09 19:29:09 [main] FATAL main.Parser - Fatal message
2024-12-09 19:29:39 [main] INFO  main.Parser - Info message
2024-12-09 19:29:39 [main] WARN  main.Parser - Warning message
2024-12-09 19:29:39 [main] ERROR main.Parser - Error message
2024-12-09 19:29:39 [main] FATAL main.Parser - Fatal message
2024-12-09 19:30:02 [main] INFO  main.Parser - Info message
2024-12-09 19:30:02 [main] WARN  main.Parser - Warning message
2024-12-09 19:30:02 [main] ERROR main.Parser - Error message
2024-12-09 19:30:02 [main] FATAL main.Parser - Fatal message
2024-12-09 19:30:12 [main] INFO  main.Parser - Info message
2024-12-09 19:30:12 [main] WARN  main.Parser - Warning message
2024-12-09 19:30:12 [main] ERROR main.Parser - Error message
2024-12-09 19:30:12 [main] FATAL main.Parser - Fatal message
2024-12-09 19:31:10 [main] INFO  main.Parser - Info message
2024-12-09 19:31:10 [main] WARN  main.Parser - Warning message
2024-12-09 19:31:10 [main] ERROR main.Parser - Error message
2024-12-09 19:31:10 [main] FATAL main.Parser - Fatal message
2024-12-09 19:31:23 [main] INFO  main.Parser - Info message
2024-12-09 19:31:23 [main] WARN  main.Parser - Warning message
2024-12-09 19:31:23 [main] ERROR main.Parser - Error message
2024-12-09 19:31:23 [main] FATAL main.Parser - Fatal message
2024-12-09 19:31:44 [main] INFO  main.Parser - Info message
2024-12-09 19:31:44 [main] WARN  main.Parser - Warning message
2024-12-09 19:31:44 [main] ERROR main.Parser - Error message
2024-12-09 19:31:44 [main] FATAL main.Parser - Fatal message
2024-12-09 19:32:24 [main] INFO  main.Parser - Info message
2024-12-09 19:32:24 [main] WARN  main.Parser - Warning message
2024-12-09 19:32:24 [main] ERROR main.Parser - Error message
2024-12-09 19:32:24 [main] FATAL main.Parser - Fatal message
2024-12-09 19:32:40 [main] INFO  main.Parser - Info message
2024-12-09 19:32:40 [main] WARN  main.Parser - Warning message
2024-12-09 19:32:40 [main] ERROR main.Parser - Error message
2024-12-09 19:32:40 [main] FATAL main.Parser - Fatal message
2024-12-09 19:37:57 [main] INFO  main.Parser - Info message
2024-12-09 19:37:57 [main] WARN  main.Parser - Warning message
2024-12-09 19:37:57 [main] ERROR main.Parser - Error message
2024-12-09 19:37:57 [main] FATAL main.Parser - Fatal message
2024-12-09 19:38:34 [main] INFO  main.Parser - Info message
2024-12-09 19:38:34 [main] WARN  main.Parser - Warning message
2024-12-09 19:38:34 [main] ERROR main.Parser - Error message
2024-12-09 19:38:34 [main] FATAL main.Parser - Fatal message
2024-12-09 19:40:57 [main] INFO  main.Parser - Info message
2024-12-09 19:40:57 [main] WARN  main.Parser - Warning message
2024-12-09 19:40:57 [main] ERROR main.Parser - Error message
2024-12-09 19:40:57 [main] FATAL main.Parser - Fatal message
2024-12-09 19:41:30 [main] INFO  main.Parser - Info message
2024-12-09 19:41:30 [main] WARN  main.Parser - Warning message
2024-12-09 19:41:30 [main] ERROR main.Parser - Error message
2024-12-09 19:41:30 [main] FATAL main.Parser - Fatal message
2024-12-09 19:42:21 [main] INFO  main.Parser - Info message
2024-12-09 19:42:21 [main] WARN  main.Parser - Warning message
2024-12-09 19:42:21 [main] ERROR main.Parser - Error message
2024-12-09 19:42:21 [main] FATAL main.Parser - Fatal message
2024-12-09 19:46:24 [main] INFO  main.Parser - Info message
2024-12-09 19:46:24 [main] WARN  main.Parser - Warning message
2024-12-09 19:46:24 [main] ERROR main.Parser - Error message
2024-12-09 19:46:24 [main] FATAL main.Parser - Fatal message
2024-12-09 19:48:05 [main] INFO  main.Parser - Info message
2024-12-09 19:48:05 [main] WARN  main.Parser - Warning message
2024-12-09 19:48:05 [main] ERROR main.Parser - Error message
2024-12-09 19:48:05 [main] FATAL main.Parser - Fatal message
2024-12-09 19:52:31 [main] INFO  main.Parser - Info message
2024-12-09 19:52:31 [main] WARN  main.Parser - Warning message
2024-12-09 19:52:31 [main] ERROR main.Parser - Error message
2024-12-09 19:52:31 [main] FATAL main.Parser - Fatal message
2024-12-09 19:52:59 [main] INFO  main.Parser - Info message
2024-12-09 19:52:59 [main] WARN  main.Parser - Warning message
2024-12-09 19:52:59 [main] ERROR main.Parser - Error message
2024-12-09 19:52:59 [main] FATAL main.Parser - Fatal message
2024-12-09 19:56:23 [main] INFO  main.Parser - Info message
2024-12-09 19:56:23 [main] WARN  main.Parser - Warning message
2024-12-09 19:56:23 [main] ERROR main.Parser - Error message
2024-12-09 19:56:23 [main] FATAL main.Parser - Fatal message
2024-12-09 19:57:16 [main] INFO  main.Parser - Info message
2024-12-09 19:57:16 [main] WARN  main.Parser - Warning message
2024-12-09 19:57:16 [main] ERROR main.Parser - Error message
2024-12-09 19:57:16 [main] FATAL main.Parser - Fatal message
2024-12-09 19:58:58 [main] INFO  main.Parser - Info message
2024-12-09 19:58:59 [main] WARN  main.Parser - Warning message
2024-12-09 19:58:59 [main] ERROR main.Parser - Error message
2024-12-09 19:58:59 [main] FATAL main.Parser - Fatal message
2024-12-09 19:59:53 [main] INFO  main.Parser - Info message
2024-12-09 19:59:53 [main] WARN  main.Parser - Warning message
2024-12-09 19:59:53 [main] ERROR main.Parser - Error message
2024-12-09 19:59:53 [main] FATAL main.Parser - Fatal message
2024-12-09 20:01:33 [main] INFO  main.Parser - Info message
2024-12-09 20:01:33 [main] WARN  main.Parser - Warning message
2024-12-09 20:01:33 [main] ERROR main.Parser - Error message
2024-12-09 20:01:33 [main] FATAL main.Parser - Fatal message
2024-12-09 20:02:23 [main] INFO  main.Parser - Info message
2024-12-09 20:02:23 [main] WARN  main.Parser - Warning message
2024-12-09 20:02:23 [main] ERROR main.Parser - Error message
2024-12-09 20:02:23 [main] FATAL main.Parser - Fatal message
2024-12-09 20:04:02 [main] INFO  main.Parser - Info message
2024-12-09 20:04:02 [main] WARN  main.Parser - Warning message
2024-12-09 20:04:03 [main] ERROR main.Parser - Error message
2024-12-09 20:04:03 [main] FATAL main.Parser - Fatal message
2024-12-09 20:10:30 [main] INFO  main.Parser - Info message
2024-12-09 20:10:31 [main] WARN  main.Parser - Warning message
2024-12-09 20:10:31 [main] ERROR main.Parser - Error message
2024-12-09 20:10:31 [main] FATAL main.Parser - Fatal message
2024-12-09 20:16:15 [main] INFO  main.Parser - Info message
2024-12-09 20:16:15 [main] WARN  main.Parser - Warning message
2024-12-09 20:16:15 [main] ERROR main.Parser - Error message
2024-12-09 20:16:15 [main] FATAL main.Parser - Fatal message
2024-12-09 20:30:19 [main] INFO  main.Parser - Info message
2024-12-09 20:30:19 [main] WARN  main.Parser - Warning message
2024-12-09 20:30:19 [main] ERROR main.Parser - Error message
2024-12-09 20:30:19 [main] FATAL main.Parser - Fatal message
2024-12-09 20:32:40 [main] INFO  main.Parser - Info message
2024-12-09 20:32:40 [main] WARN  main.Parser - Warning message
2024-12-09 20:32:40 [main] ERROR main.Parser - Error message
2024-12-09 20:32:40 [main] FATAL main.Parser - Fatal message
2024-12-09 20:41:25 [main] INFO  main.Parser - Info message
2024-12-09 20:41:25 [main] WARN  main.Parser - Warning message
2024-12-09 20:41:25 [main] ERROR main.Parser - Error message
2024-12-09 20:41:25 [main] FATAL main.Parser - Fatal message
2024-12-09 21:19:01 [main] INFO  main.Parser - Info message
2024-12-09 21:19:01 [main] WARN  main.Parser - Warning message
2024-12-09 21:19:01 [main] ERROR main.Parser - Error message
2024-12-09 21:19:01 [main] FATAL main.Parser - Fatal message
2024-12-09 21:21:21 [main] INFO  main.Parser - Info message
2024-12-09 21:21:21 [main] WARN  main.Parser - Warning message
2024-12-09 21:21:21 [main] ERROR main.Parser - Error message
2024-12-09 21:21:21 [main] FATAL main.Parser - Fatal message
2024-12-09 21:23:02 [main] INFO  main.Parser - Info message
2024-12-09 21:23:02 [main] WARN  main.Parser - Warning message
2024-12-09 21:23:02 [main] ERROR main.Parser - Error message
2024-12-09 21:23:02 [main] FATAL main.Parser - Fatal message
2024-12-09 21:23:16 [main] ERROR main.Parser - Error while reporting results.
java.io.FileNotFoundException: C:\Users\T480S003\Desktop\textparser\output\textparser_20241209_212315.xlsx (The system cannot find the path specified)
	at java.io.FileOutputStream.open0(Native Method) ~[?:?]
	at java.io.FileOutputStream.open(FileOutputStream.java:295) ~[?:?]
	at java.io.FileOutputStream.<init>(FileOutputStream.java:236) ~[?:?]
	at java.io.FileOutputStream.<init>(FileOutputStream.java:185) ~[?:?]
	at main.Helper.printToTemplate(Helper.java:156) [classes/:?]
	at main.Parser.main(Parser.java:50) [classes/:?]
2024-12-09 21:23:50 [main] INFO  main.Parser - Info message
2024-12-09 21:23:50 [main] WARN  main.Parser - Warning message
2024-12-09 21:23:50 [main] ERROR main.Parser - Error message
2024-12-09 21:23:50 [main] FATAL main.Parser - Fatal message
2024-12-09 21:39:20 [main] INFO  main.Parser - Info message
2024-12-09 21:39:20 [main] WARN  main.Parser - Warning message
2024-12-09 21:39:20 [main] ERROR main.Parser - Error message
2024-12-09 21:39:20 [main] FATAL main.Parser - Fatal message
2024-12-09 21:42:58 [main] INFO  main.Parser - Info message
2024-12-09 21:42:58 [main] WARN  main.Parser - Warning message
2024-12-09 21:42:58 [main] ERROR main.Parser - Error message
2024-12-09 21:42:58 [main] FATAL main.Parser - Fatal message
2024-12-09 21:44:58 [main] INFO  main.Parser - Info message
2024-12-09 21:44:58 [main] WARN  main.Parser - Warning message
2024-12-09 21:44:58 [main] ERROR main.Parser - Error message
2024-12-09 21:44:58 [main] FATAL main.Parser - Fatal message
2024-12-09 22:03:38 [main] INFO  main.Parser - Info message
2024-12-09 22:03:38 [main] WARN  main.Parser - Warning message
2024-12-09 22:03:38 [main] ERROR main.Parser - Error message
2024-12-09 22:03:38 [main] FATAL main.Parser - Fatal message
2024-12-09 22:04:47 [main] INFO  main.Parser - Info message
2024-12-09 22:04:47 [main] WARN  main.Parser - Warning message
2024-12-09 22:04:47 [main] ERROR main.Parser - Error message
2024-12-09 22:04:47 [main] FATAL main.Parser - Fatal message
2024-12-09 22:05:57 [main] INFO  main.Parser - Info message
2024-12-09 22:05:57 [main] WARN  main.Parser - Warning message
2024-12-09 22:05:57 [main] ERROR main.Parser - Error message
2024-12-09 22:05:57 [main] FATAL main.Parser - Fatal message
2024-12-09 23:01:51 [main] INFO  main.Parser - ---START PARSER---
2024-12-09 23:02:00 [main] INFO  main.Parser - Folder created successfully.
2024-12-09 23:02:01 [main] INFO  main.Parser - ---END PARSER---
